<?xml version="1.0" encoding="UTF-8"?>
<!-- Generated by org.testng.reporters.JUnitReportReporter -->
<testsuite skipped="0" hostname="ROJA-PC" name="testng.SeleniumApp" tests="3" failures="0" timestamp="19 Jul 2020 10:10:49 GMT" time="122.964" errors="0">
  <testcase name="CreateAccount" time="42.479" classname="testng.SeleniumApp"/>
  <testcase name="SignIn" time="45.581" classname="testng.SeleniumApp"/>
  <testcase name="Search" time="34.904" classname="testng.SeleniumApp"/>
</testsuite> <!-- testng.SeleniumApp -->
